<?xml version="1.0" encoding="UTF-8"?>
<coverage generated="1587143926470" clover="3.2.0">
  <project timestamp="1587143926471" name="All files">
    <metrics statements="23" coveredstatements="23" conditionals="8" coveredconditionals="8" methods="5" coveredmethods="5" elements="36" coveredelements="36" complexity="0" loc="23" ncloc="23" packages="1" files="1" classes="1"/>
    <file name="age.logic.js" path="/mnt/c/Users/Eric Settels/Desktop/epicodus-code-reviews/galactic-age-2/src/age.logic.js">
      <metrics statements="23" coveredstatements="23" conditionals="8" coveredconditionals="8" methods="5" coveredmethods="5"/>
      <line num="3" count="4" type="stmt"/>
      <line num="4" count="4" type="stmt"/>
      <line num="7" count="7" type="stmt"/>
      <line num="10" count="3" type="stmt"/>
      <line num="11" count="3" type="stmt"/>
      <line num="12" count="3" type="stmt"/>
      <line num="13" count="3" type="stmt"/>
      <line num="14" count="3" type="cond" truecount="2" falsecount="0"/>
      <line num="15" count="1" type="stmt"/>
      <line num="16" count="2" type="cond" truecount="2" falsecount="0"/>
      <line num="17" count="1" type="stmt"/>
      <line num="18" count="1" type="stmt"/>
      <line num="20" count="1" type="stmt"/>
      <line num="22" count="3" type="stmt"/>
      <line num="28" count="3" type="stmt"/>
      <line num="29" count="3" type="stmt"/>
      <line num="30" count="3" type="stmt"/>
      <line num="31" count="3" type="stmt"/>
      <line num="34" count="3" type="cond" truecount="2" falsecount="0"/>
      <line num="35" count="1" type="stmt"/>
      <line num="36" count="2" type="cond" truecount="2" falsecount="0"/>
      <line num="37" count="1" type="stmt"/>
      <line num="39" count="1" type="stmt"/>
    </file>
  </project>
</coverage>
