{"/mnt/c/Users/Eric Settels/Desktop/epicodus-code-reviews/galactic-age-2/src/age.logic.js": {"path":"/mnt/c/Users/Eric Settels/Desktop/epicodus-code-reviews/galactic-age-2/src/age.logic.js","statementMap":{"0":{"start":{"line":3,"column":4},"end":{"line":3,"column":21}},"1":{"start":{"line":4,"column":4},"end":{"line":4,"column":33}},"2":{"start":{"line":7,"column":4},"end":{"line":7,"column":35}},"3":{"start":{"line":10,"column":22},"end":{"line":10,"column":48}},"4":{"start":{"line":11,"column":27},"end":{"line":11,"column":58}},"5":{"start":{"line":12,"column":25},"end":{"line":12,"column":27}},"6":{"start":{"line":13,"column":31},"end":{"line":13,"column":61}},"7":{"start":{"line":14,"column":4},"end":{"line":21,"column":5}},"8":{"start":{"line":15,"column":6},"end":{"line":15,"column":30}},"9":{"start":{"line":16,"column":11},"end":{"line":21,"column":5}},"10":{"start":{"line":17,"column":6},"end":{"line":17,"column":30}},"11":{"start":{"line":18,"column":6},"end":{"line":18,"column":32}},"12":{"start":{"line":20,"column":6},"end":{"line":20,"column":31}},"13":{"start":{"line":22,"column":4},"end":{"line":22,"column":50}},"14":{"start":{"line":28,"column":4},"end":{"line":28,"column":19}},"15":{"start":{"line":29,"column":4},"end":{"line":29,"column":19}},"16":{"start":{"line":30,"column":4},"end":{"line":30,"column":21}},"17":{"start":{"line":31,"column":4},"end":{"line":31,"column":24}},"18":{"start":{"line":34,"column":4},"end":{"line":40,"column":5}},"19":{"start":{"line":35,"column":6},"end":{"line":35,"column":28}},"20":{"start":{"line":36,"column":11},"end":{"line":40,"column":5}},"21":{"start":{"line":37,"column":6},"end":{"line":37,"column":28}},"22":{"start":{"line":39,"column":6},"end":{"line":39,"column":28}}},"fnMap":{"0":{"name":"(anonymous_0)","decl":{"start":{"line":2,"column":2},"end":{"line":2,"column":3}},"loc":{"start":{"line":2,"column":32},"end":{"line":5,"column":3}},"line":2},"1":{"name":"(anonymous_1)","decl":{"start":{"line":6,"column":2},"end":{"line":6,"column":3}},"loc":{"start":{"line":6,"column":24},"end":{"line":8,"column":3}},"line":6},"2":{"name":"(anonymous_2)","decl":{"start":{"line":9,"column":2},"end":{"line":9,"column":3}},"loc":{"start":{"line":9,"column":47},"end":{"line":23,"column":3}},"line":9},"3":{"name":"(anonymous_3)","decl":{"start":{"line":27,"column":2},"end":{"line":27,"column":3}},"loc":{"start":{"line":27,"column":30},"end":{"line":32,"column":3}},"line":27},"4":{"name":"(anonymous_4)","decl":{"start":{"line":33,"column":2},"end":{"line":33,"column":3}},"loc":{"start":{"line":33,"column":24},"end":{"line":42,"column":3}},"line":33}},"branchMap":{"0":{"loc":{"start":{"line":14,"column":4},"end":{"line":21,"column":5}},"type":"if","locations":[{"start":{"line":14,"column":4},"end":{"line":21,"column":5}},{"start":{"line":14,"column":4},"end":{"line":21,"column":5}}],"line":14},"1":{"loc":{"start":{"line":16,"column":11},"end":{"line":21,"column":5}},"type":"if","locations":[{"start":{"line":16,"column":11},"end":{"line":21,"column":5}},{"start":{"line":16,"column":11},"end":{"line":21,"column":5}}],"line":16},"2":{"loc":{"start":{"line":34,"column":4},"end":{"line":40,"column":5}},"type":"if","locations":[{"start":{"line":34,"column":4},"end":{"line":40,"column":5}},{"start":{"line":34,"column":4},"end":{"line":40,"column":5}}],"line":34},"3":{"loc":{"start":{"line":36,"column":11},"end":{"line":40,"column":5}},"type":"if","locations":[{"start":{"line":36,"column":11},"end":{"line":40,"column":5}},{"start":{"line":36,"column":11},"end":{"line":40,"column":5}}],"line":36}},"s":{"0":4,"1":4,"2":7,"3":3,"4":3,"5":3,"6":3,"7":3,"8":1,"9":2,"10":1,"11":1,"12":1,"13":3,"14":3,"15":3,"16":3,"17":3,"18":3,"19":1,"20":2,"21":1,"22":1},"f":{"0":4,"1":7,"2":3,"3":3,"4":3},"b":{"0":[1,2],"1":[1,1],"2":[1,2],"3":[1,1]},"_coverageSchema":"1a1c01bbd47fc00a2c39e90264f33305004495a9","hash":"0a67c3c9087c1dab1202898b08a15c872b51b402"}
}
