TN:
SF:src/age.logic.js
FN:2,(anonymous_0)
FN:6,(anonymous_1)
FN:9,(anonymous_2)
FN:27,(anonymous_3)
FN:33,(anonymous_4)
FNF:5
FNH:5
FNDA:4,(anonymous_0)
FNDA:7,(anonymous_1)
FNDA:3,(anonymous_2)
FNDA:3,(anonymous_3)
FNDA:3,(anonymous_4)
DA:3,4
DA:4,4
DA:7,7
DA:10,3
DA:11,3
DA:12,3
DA:13,3
DA:14,3
DA:15,1
DA:16,2
DA:17,1
DA:18,1
DA:20,1
DA:22,3
DA:28,3
DA:29,3
DA:30,3
DA:31,3
DA:34,3
DA:35,1
DA:36,2
DA:37,1
DA:39,1
LF:23
LH:23
BRDA:14,0,0,1
BRDA:14,0,1,2
BRDA:16,1,0,1
BRDA:16,1,1,1
BRDA:34,2,0,1
BRDA:34,2,1,2
BRDA:36,3,0,1
BRDA:36,3,1,1
BRF:8
BRH:8
end_of_record
